-------------------------------------------------------------------------------
Test set: com.example.Modelo.SecretariaModelTest
-------------------------------------------------------------------------------
Tests run: 3, Failures: 0, Errors: 3, Skipped: 0, Time elapsed: 0.026 s <<< FAILURE! -- in com.example.Modelo.SecretariaModelTest
com.example.Modelo.SecretariaModelTest.guardarFotoUsuario_copiaFotoYActualizaFotosSecretaria -- Time elapsed: 0.018 s <<< ERROR!
java.lang.NullPointerException: Cannot invoke "java.nio.file.Path.getFileSystem()" because "path" is null
	at java.base/java.nio.file.Files.provider(Files.java:103)
	at java.base/java.nio.file.Files.deleteIfExists(Files.java:1087)
	at com.example.Modelo.SecretariaModelTest.tearDown(SecretariaModelTest.java:41)
	at java.base/java.lang.reflect.Method.invoke(Method.java:565)
	at java.base/java.util.ArrayList.forEach(ArrayList.java:1604)
	at java.base/java.util.ArrayList.forEach(ArrayList.java:1604)

com.example.Modelo.SecretariaModelTest.obtenerRutaFoto_sinRegistroEnSecretaria_devuelveNull -- Time elapsed: 0.003 s <<< ERROR!
java.lang.NullPointerException: Cannot invoke "java.nio.file.Path.getFileSystem()" because "path" is null
	at java.base/java.nio.file.Files.provider(Files.java:103)
	at java.base/java.nio.file.Files.deleteIfExists(Files.java:1087)
	at com.example.Modelo.SecretariaModelTest.tearDown(SecretariaModelTest.java:42)
	at java.base/java.lang.reflect.Method.invoke(Method.java:565)
	at java.base/java.util.ArrayList.forEach(ArrayList.java:1604)
	at java.base/java.util.ArrayList.forEach(ArrayList.java:1604)

com.example.Modelo.SecretariaModelTest.obtenerRutaFoto_resuelveRutaRegistrada -- Time elapsed: 0.003 s <<< ERROR!
java.lang.NullPointerException: Cannot invoke "java.nio.file.Path.getFileSystem()" because "path" is null
	at java.base/java.nio.file.Files.provider(Files.java:103)
	at java.base/java.nio.file.Files.deleteIfExists(Files.java:1087)
	at com.example.Modelo.SecretariaModelTest.tearDown(SecretariaModelTest.java:41)
	at java.base/java.lang.reflect.Method.invoke(Method.java:565)
	at java.base/java.util.ArrayList.forEach(ArrayList.java:1604)
	at java.base/java.util.ArrayList.forEach(ArrayList.java:1604)

