-------------------------------------------------------------------------------
Test set: com.example.Modelo.FaceRecognitionModelTest
-------------------------------------------------------------------------------
Tests run: 2, Failures: 1, Errors: 0, Skipped: 0, Time elapsed: 0.149 s <<< FAILURE! -- in com.example.Modelo.FaceRecognitionModelTest
com.example.Modelo.FaceRecognitionModelTest.evaluarReconocimiento_imagenesMuyDistintas_rechazaCoincidencia -- Time elapsed: 0.020 s <<< FAILURE!
org.opentest4j.AssertionFailedError: expected: <false> but was: <true>
	at org.junit.jupiter.api.AssertionFailureBuilder.build(AssertionFailureBuilder.java:151)
	at org.junit.jupiter.api.AssertionFailureBuilder.buildAndThrow(AssertionFailureBuilder.java:132)
	at org.junit.jupiter.api.AssertFalse.failNotFalse(AssertFalse.java:63)
	at org.junit.jupiter.api.AssertFalse.assertFalse(AssertFalse.java:36)
	at org.junit.jupiter.api.AssertFalse.assertFalse(AssertFalse.java:31)
	at org.junit.jupiter.api.Assertions.assertFalse(Assertions.java:231)
	at com.example.Modelo.FaceRecognitionModelTest.evaluarReconocimiento_imagenesMuyDistintas_rechazaCoincidencia(FaceRecognitionModelTest.java:59)
	at java.base/java.lang.reflect.Method.invoke(Method.java:565)
	at java.base/java.util.ArrayList.forEach(ArrayList.java:1604)
	at java.base/java.util.ArrayList.forEach(ArrayList.java:1604)

