<?xml version="1.0" encoding="UTF-8"?>
<testsuite xmlns:xsi="http://www.w3.org/2001/XMLSchema-instance" xsi:noNamespaceSchemaLocation="https://maven.apache.org/surefire/maven-surefire-plugin/xsd/surefire-test-report-3.0.xsd" version="3.0" name="com.example.Modelo.ValidacionFacialServiceTest" time="0.064" tests="4" errors="0" skipped="0" failures="1">
  <properties>
[...]
</properties>
  <testcase name="validarContraSecretaria_coincidente_devuelveValido" classname="com.example.Modelo.ValidacionFacialServiceTest" time="0.02"/>
  <testcase name="validarContraSecretaria_sinFotoBase_lanzaError" classname="com.example.Modelo.ValidacionFacialServiceTest" time="0.016"/>
  <testcase name="validarContraSecretaria_distinta_devuelveInvalido" classname="com.example.Modelo.ValidacionFacialServiceTest" time="0.015">
    <failure message="expected: &lt;false&gt; but was: &lt;true&gt;" type="org.opentest4j.AssertionFailedError"><![CDATA[org.opentest4j.AssertionFailedError: expected: <false> but was: <true>
	at org.junit.jupiter.api.AssertionFailureBuilder.build(AssertionFailureBuilder.java:151)
	at org.junit.jupiter.api.AssertionFailureBuilder.buildAndThrow(AssertionFailureBuilder.java:132)
	at org.junit.jupiter.api.AssertFalse.failNotFalse(AssertFalse.java:63)
	at org.junit.jupiter.api.AssertFalse.assertFalse(AssertFalse.java:36)
	at org.junit.jupiter.api.AssertFalse.assertFalse(AssertFalse.java:31)
	at org.junit.jupiter.api.Assertions.assertFalse(Assertions.java:231)
	at com.example.Modelo.ValidacionFacialServiceTest.validarContraSecretaria_distinta_devuelveInvalido(ValidacionFacialServiceTest.java:88)
	at java.base/java.lang.reflect.Method.invoke(Method.java:565)
	at java.base/java.util.ArrayList.forEach(ArrayList.java:1604)
	at java.base/java.util.ArrayList.forEach(ArrayList.java:1604)
]]></failure>
  </testcase>
  <testcase name="validarContraSecretaria_archivoNoImagen_lanzaError" classname="com.example.Modelo.ValidacionFacialServiceTest" time="0.01"/>
</testsuite>