<?xml version="1.0" encoding="UTF-8"?>
<testsuite xmlns:xsi="http://www.w3.org/2001/XMLSchema-instance" xsi:noNamespaceSchemaLocation="https://maven.apache.org/surefire/maven-surefire-plugin/xsd/surefire-test-report-3.0.xsd" version="3.0" name="com.example.Modelo.RegUsuarioModeloTest" time="0.029" tests="4" errors="0" skipped="0" failures="0">
  <properties>
[...]
</properties>
  <testcase name="obtenerNombreYRol_noExiste" classname="com.example.Modelo.RegUsuarioModeloTest" time="0.004">
    <system-err><![CDATA[No se encontro el archivo: Usuarios_UCV.txt
]]></system-err>
  </testcase>
  <testcase name="registrarUsuario_valido_escribeArchivo" classname="com.example.Modelo.RegUsuarioModeloTest" time="0.01">
    <system-out><![CDATA[Usuario agregado con éxito.
]]></system-out>
  </testcase>
  <testcase name="existeEnUsuarios_y_obtenerNombreYRol" classname="com.example.Modelo.RegUsuarioModeloTest" time="0.008"/>
  <testcase name="registrarUsuario_camposObligatorios" classname="com.example.Modelo.RegUsuarioModeloTest" time="0.005">
    <system-out><![CDATA[Error: Todos los campos son obligatorios.
Error: Todos los campos son obligatorios.
]]></system-out>
  </testcase>
</testsuite>